GC Precious Log:
 CardTable entry size: 512
 CPUs: 4 total, 4 available
 Memory: 8015M
 Large Page Support: Disabled
 NUMA Support: Disabled
 Compressed Oops: Enabled (32-bit)
 Alignments: Space 512K, Generation 512K, Heap 2M
 Heap Min Capacity: 100M
 Heap Initial Capacity: 100M
 Heap Max Capacity: 2G
 Pre-touch: Disabled
 Parallel Workers: 4
Heap:
 PSYoungGen      total 10752K, used 10592K [0x00000000d5580000, 0x00000000d6180000, 0x0000000100000000)
  eden space 10240K, 100% used [0x00000000d5580000,0x00000000d5f80000,0x00000000d5f80000)
  from space 512K, 68% used [0x00000000d6100000,0x00000000d6158000,0x00000000d6180000)
  to   space 512K, 0% used [0x00000000d6080000,0x00000000d6080000,0x00000000d6100000)
 ParOldGen       total 82432K, used 68509K [0x0000000080000000, 0x0000000085080000, 0x00000000d5580000)
  object space 82432K, 83% used [0x0000000080000000,0x00000000842e7438,0x0000000085080000)
 Metaspace       used 66334K, committed 67776K, reserved 1114112K
  class space    used 6932K, committed 7616K, reserved 1048576K
GC Heap History (20 events):
Event: 86.540 GC heap before
{Heap before GC invocations=101 (full 3):
 PSYoungGen      total 10752K, used 10656K [0x00000000d5580000, 0x00000000d6180000, 0x0000000100000000)
  eden space 10240K, 100% used [0x00000000d5580000,0x00000000d5f80000,0x00000000d5f80000)
  from space 512K, 81% used [0x00000000d6080000,0x00000000d60e8000,0x00000000d6100000)
  to   space 512K, 0% used [0x00000000d6100000,0x00000000d6100000,0x00000000d6180000)
 ParOldGen       total 80384K, used 79988K [0x0000000080000000, 0x0000000084e80000, 0x00000000d5580000)
  object space 80384K, 99% used [0x0000000080000000,0x0000000084e1d1f8,0x0000000084e80000)
 Metaspace       used 66311K, committed 67776K, reserved 1114112K
  class space    used 6929K, committed 7616K, reserved 1048576K
}
Event: 86.546 GC heap after
{Heap after GC invocations=101 (full 3):
 PSYoungGen      total 10752K, used 492K [0x00000000d5580000, 0x00000000d6180000, 0x0000000100000000)
  eden space 10240K, 0% used [0x00000000d5580000,0x00000000d5580000,0x00000000d5f80000)
  from space 512K, 96% used [0x00000000d6100000,0x00000000d617b138,0x00000000d6180000)
  to   space 512K, 0% used [0x00000000d6080000,0x00000000d6080000,0x00000000d6100000)
 ParOldGen       total 80896K, used 80612K [0x0000000080000000, 0x0000000084f00000, 0x00000000d5580000)
  object space 80896K, 99% used [0x0000000080000000,0x0000000084eb9218,0x0000000084f00000)
 Metaspace       used 66311K, committed 67776K, reserved 1114112K
  class space    used 6929K, committed 7616K, reserved 1048576K
}
Event: 86.588 GC heap before
{Heap before GC invocations=102 (full 3):
 PSYoungGen      total 10752K, used 10732K [0x00000000d5580000, 0x00000000d6180000, 0x0000000100000000)
  eden space 10240K, 100% used [0x00000000d5580000,0x00000000d5f80000,0x00000000d5f80000)
  from space 512K, 96% used [0x00000000d6100000,0x00000000d617b138,0x00000000d6180000)
  to   space 512K, 0% used [0x00000000d6080000,0x00000000d6080000,0x00000000d6100000)
 ParOldGen       total 80896K, used 80612K [0x0000000080000000, 0x0000000084f00000, 0x00000000d5580000)
  object space 80896K, 99% used [0x0000000080000000,0x0000000084eb9218,0x0000000084f00000)
 Metaspace       used 66313K, committed 67776K, reserved 1114112K
  class space    used 6929K, committed 7616K, reserved 1048576K
}
Event: 86.592 GC heap after
{Heap after GC invocations=102 (full 3):
 PSYoungGen      total 10752K, used 487K [0x00000000d5580000, 0x00000000d6180000, 0x0000000100000000)
  eden space 10240K, 0% used [0x00000000d5580000,0x00000000d5580000,0x00000000d5f80000)
  from space 512K, 95% used [0x00000000d6080000,0x00000000d60f9c60,0x00000000d6100000)
  to   space 512K, 0% used [0x00000000d6100000,0x00000000d6100000,0x00000000d6180000)
 ParOldGen       total 81408K, used 81087K [0x0000000080000000, 0x0000000084f80000, 0x00000000d5580000)
  object space 81408K, 99% used [0x0000000080000000,0x0000000084f2fc90,0x0000000084f80000)
 Metaspace       used 66313K, committed 67776K, reserved 1114112K
  class space    used 6929K, committed 7616K, reserved 1048576K
}
Event: 86.668 GC heap before
{Heap before GC invocations=103 (full 3):
 PSYoungGen      total 10752K, used 10727K [0x00000000d5580000, 0x00000000d6180000, 0x0000000100000000)
  eden space 10240K, 100% used [0x00000000d5580000,0x00000000d5f80000,0x00000000d5f80000)
  from space 512K, 95% used [0x00000000d6080000,0x00000000d60f9c60,0x00000000d6100000)
  to   space 512K, 0% used [0x00000000d6100000,0x00000000d6100000,0x00000000d6180000)
 ParOldGen       total 81408K, used 81087K [0x0000000080000000, 0x0000000084f80000, 0x00000000d5580000)
  object space 81408K, 99% used [0x0000000080000000,0x0000000084f2fc90,0x0000000084f80000)
 Metaspace       used 66313K, committed 67776K, reserved 1114112K
  class space    used 6929K, committed 7616K, reserved 1048576K
}
Event: 86.673 GC heap after
{Heap after GC invocations=103 (full 3):
 PSYoungGen      total 10752K, used 352K [0x00000000d5580000, 0x00000000d6180000, 0x0000000100000000)
  eden space 10240K, 0% used [0x00000000d5580000,0x00000000d5580000,0x00000000d5f80000)
  from space 512K, 68% used [0x00000000d6100000,0x00000000d6158000,0x00000000d6180000)
  to   space 512K, 0% used [0x00000000d6080000,0x00000000d6080000,0x00000000d6100000)
 ParOldGen       total 81920K, used 81513K [0x0000000080000000, 0x0000000085000000, 0x00000000d5580000)
  object space 81920K, 99% used [0x0000000080000000,0x0000000084f9a418,0x0000000085000000)
 Metaspace       used 66313K, committed 67776K, reserved 1114112K
  class space    used 6929K, committed 7616K, reserved 1048576K
}
Event: 86.749 GC heap before
{Heap before GC invocations=104 (full 3):
 PSYoungGen      total 10752K, used 10592K [0x00000000d5580000, 0x00000000d6180000, 0x0000000100000000)
  eden space 10240K, 100% used [0x00000000d5580000,0x00000000d5f80000,0x00000000d5f80000)
  from space 512K, 68% used [0x00000000d6100000,0x00000000d6158000,0x00000000d6180000)
  to   space 512K, 0% used [0x00000000d6080000,0x00000000d6080000,0x00000000d6100000)
 ParOldGen       total 81920K, used 81513K [0x0000000080000000, 0x0000000085000000, 0x00000000d5580000)
  object space 81920K, 99% used [0x0000000080000000,0x0000000084f9a418,0x0000000085000000)
 Metaspace       used 66313K, committed 67776K, reserved 1114112K
  class space    used 6929K, committed 7616K, reserved 1048576K
}
Event: 86.753 GC heap after
{Heap after GC invocations=104 (full 3):
 PSYoungGen      total 10752K, used 468K [0x00000000d5580000, 0x00000000d6180000, 0x0000000100000000)
  eden space 10240K, 0% used [0x00000000d5580000,0x00000000d5580000,0x00000000d5f80000)
  from space 512K, 91% used [0x00000000d6080000,0x00000000d60f50e0,0x00000000d6100000)
  to   space 512K, 0% used [0x00000000d6100000,0x00000000d6100000,0x00000000d6180000)
 ParOldGen       total 81920K, used 81813K [0x0000000080000000, 0x0000000085000000, 0x00000000d5580000)
  object space 81920K, 99% used [0x0000000080000000,0x0000000084fe5770,0x0000000085000000)
 Metaspace       used 66313K, committed 67776K, reserved 1114112K
  class space    used 6929K, committed 7616K, reserved 1048576K
}
Event: 86.799 GC heap before
{Heap before GC invocations=105 (full 3):
 PSYoungGen      total 10752K, used 10708K [0x00000000d5580000, 0x00000000d6180000, 0x0000000100000000)
  eden space 10240K, 100% used [0x00000000d5580000,0x00000000d5f80000,0x00000000d5f80000)
  from space 512K, 91% used [0x00000000d6080000,0x00000000d60f50e0,0x00000000d6100000)
  to   space 512K, 0% used [0x00000000d6100000,0x00000000d6100000,0x00000000d6180000)
 ParOldGen       total 81920K, used 81813K [0x0000000080000000, 0x0000000085000000, 0x00000000d5580000)
  object space 81920K, 99% used [0x0000000080000000,0x0000000084fe5770,0x0000000085000000)
 Metaspace       used 66318K, committed 67776K, reserved 1114112K
  class space    used 6930K, committed 7616K, reserved 1048576K
}
Event: 86.802 GC heap after
{Heap after GC invocations=105 (full 3):
 PSYoungGen      total 10752K, used 10708K [0x00000000d5580000, 0x00000000d6180000, 0x0000000100000000)
  eden space 10240K, 100% used [0x00000000d5580000,0x00000000d5f80000,0x00000000d5f80000)
  from space 512K, 91% used [0x00000000d6080000,0x00000000d60f50e0,0x00000000d6100000)
  to   space 512K, 43% used [0x00000000d6100000,0x00000000d6138000,0x00000000d6180000)
 ParOldGen       total 82432K, used 82018K [0x0000000080000000, 0x0000000085080000, 0x00000000d5580000)
  object space 82432K, 99% used [0x0000000080000000,0x0000000085018ac8,0x0000000085080000)
 Metaspace       used 66318K, committed 67776K, reserved 1114112K
  class space    used 6930K, committed 7616K, reserved 1048576K
}
Event: 86.802 GC heap before
{Heap before GC invocations=106 (full 4):
 PSYoungGen      total 10752K, used 10708K [0x00000000d5580000, 0x00000000d6180000, 0x0000000100000000)
  eden space 10240K, 100% used [0x00000000d5580000,0x00000000d5f80000,0x00000000d5f80000)
  from space 512K, 91% used [0x00000000d6080000,0x00000000d60f50e0,0x00000000d6100000)
  to   space 512K, 43% used [0x00000000d6100000,0x00000000d6138000,0x00000000d6180000)
 ParOldGen       total 82432K, used 82018K [0x0000000080000000, 0x0000000085080000, 0x00000000d5580000)
  object space 82432K, 99% used [0x0000000080000000,0x0000000085018ac8,0x0000000085080000)
 Metaspace       used 66318K, committed 67776K, reserved 1114112K
  class space    used 6930K, committed 7616K, reserved 1048576K
}
Event: 87.062 GC heap after
{Heap after GC invocations=106 (full 4):
 PSYoungGen      total 10752K, used 0K [0x00000000d5580000, 0x00000000d6180000, 0x0000000100000000)
  eden space 10240K, 0% used [0x00000000d5580000,0x00000000d5580000,0x00000000d5f80000)
  from space 512K, 0% used [0x00000000d6100000,0x00000000d6100000,0x00000000d6180000)
  to   space 512K, 0% used [0x00000000d6080000,0x00000000d6080000,0x00000000d6100000)
 ParOldGen       total 82432K, used 67124K [0x0000000080000000, 0x0000000085080000, 0x00000000d5580000)
  object space 82432K, 81% used [0x0000000080000000,0x000000008418d048,0x0000000085080000)
 Metaspace       used 66315K, committed 67776K, reserved 1114112K
  class space    used 6929K, committed 7616K, reserved 1048576K
}
Event: 87.142 GC heap before
{Heap before GC invocations=107 (full 4):
 PSYoungGen      total 10752K, used 10240K [0x00000000d5580000, 0x00000000d6180000, 0x0000000100000000)
  eden space 10240K, 100% used [0x00000000d5580000,0x00000000d5f80000,0x00000000d5f80000)
  from space 512K, 0% used [0x00000000d6100000,0x00000000d6100000,0x00000000d6180000)
  to   space 512K, 0% used [0x00000000d6080000,0x00000000d6080000,0x00000000d6100000)
 ParOldGen       total 82432K, used 67124K [0x0000000080000000, 0x0000000085080000, 0x00000000d5580000)
  object space 82432K, 81% used [0x0000000080000000,0x000000008418d048,0x0000000085080000)
 Metaspace       used 66318K, committed 67776K, reserved 1114112K
  class space    used 6929K, committed 7616K, reserved 1048576K
}
Event: 87.146 GC heap after
{Heap after GC invocations=107 (full 4):
 PSYoungGen      total 10752K, used 499K [0x00000000d5580000, 0x00000000d6180000, 0x0000000100000000)
  eden space 10240K, 0% used [0x00000000d5580000,0x00000000d5580000,0x00000000d5f80000)
  from space 512K, 97% used [0x00000000d6080000,0x00000000d60fce08,0x00000000d6100000)
  to   space 512K, 0% used [0x00000000d6100000,0x00000000d6100000,0x00000000d6180000)
 ParOldGen       total 82432K, used 67124K [0x0000000080000000, 0x0000000085080000, 0x00000000d5580000)
  object space 82432K, 81% used [0x0000000080000000,0x000000008418d048,0x0000000085080000)
 Metaspace       used 66318K, committed 67776K, reserved 1114112K
  class space    used 6929K, committed 7616K, reserved 1048576K
}
Event: 87.204 GC heap before
{Heap before GC invocations=108 (full 4):
 PSYoungGen      total 10752K, used 10739K [0x00000000d5580000, 0x00000000d6180000, 0x0000000100000000)
  eden space 10240K, 100% used [0x00000000d5580000,0x00000000d5f80000,0x00000000d5f80000)
  from space 512K, 97% used [0x00000000d6080000,0x00000000d60fce08,0x00000000d6100000)
  to   space 512K, 0% used [0x00000000d6100000,0x00000000d6100000,0x00000000d6180000)
 ParOldGen       total 82432K, used 67124K [0x0000000080000000, 0x0000000085080000, 0x00000000d5580000)
  object space 82432K, 81% used [0x0000000080000000,0x000000008418d048,0x0000000085080000)
 Metaspace       used 66333K, committed 67776K, reserved 1114112K
  class space    used 6932K, committed 7616K, reserved 1048576K
}
Event: 87.207 GC heap after
{Heap after GC invocations=108 (full 4):
 PSYoungGen      total 10752K, used 304K [0x00000000d5580000, 0x00000000d6180000, 0x0000000100000000)
  eden space 10240K, 0% used [0x00000000d5580000,0x00000000d5580000,0x00000000d5f80000)
  from space 512K, 59% used [0x00000000d6100000,0x00000000d614c010,0x00000000d6180000)
  to   space 512K, 0% used [0x00000000d6080000,0x00000000d6080000,0x00000000d6100000)
 ParOldGen       total 82432K, used 67544K [0x0000000080000000, 0x0000000085080000, 0x00000000d5580000)
  object space 82432K, 81% used [0x0000000080000000,0x00000000841f6270,0x0000000085080000)
 Metaspace       used 66333K, committed 67776K, reserved 1114112K
  class space    used 6932K, committed 7616K, reserved 1048576K
}
Event: 87.242 GC heap before
{Heap before GC invocations=109 (full 4):
 PSYoungGen      total 10752K, used 10544K [0x00000000d5580000, 0x00000000d6180000, 0x0000000100000000)
  eden space 10240K, 100% used [0x00000000d5580000,0x00000000d5f80000,0x00000000d5f80000)
  from space 512K, 59% used [0x00000000d6100000,0x00000000d614c010,0x00000000d6180000)
  to   space 512K, 0% used [0x00000000d6080000,0x00000000d6080000,0x00000000d6100000)
 ParOldGen       total 82432K, used 67544K [0x0000000080000000, 0x0000000085080000, 0x00000000d5580000)
  object space 82432K, 81% used [0x0000000080000000,0x00000000841f6270,0x0000000085080000)
 Metaspace       used 66333K, committed 67776K, reserved 1114112K
  class space    used 6932K, committed 7616K, reserved 1048576K
}
Event: 87.244 GC heap after
{Heap after GC invocations=109 (full 4):
 PSYoungGen      total 10752K, used 311K [0x00000000d5580000, 0x00000000d6180000, 0x0000000100000000)
  eden space 10240K, 0% used [0x00000000d5580000,0x00000000d5580000,0x00000000d5f80000)
  from space 512K, 60% used [0x00000000d6080000,0x00000000d60cddc0,0x00000000d6100000)
  to   space 512K, 0% used [0x00000000d6100000,0x00000000d6100000,0x00000000d6180000)
 ParOldGen       total 82432K, used 68268K [0x0000000080000000, 0x0000000085080000, 0x00000000d5580000)
  object space 82432K, 82% used [0x0000000080000000,0x00000000842ab170,0x0000000085080000)
 Metaspace       used 66333K, committed 67776K, reserved 1114112K
  class space    used 6932K, committed 7616K, reserved 1048576K
}
Event: 87.265 GC heap before
{Heap before GC invocations=110 (full 4):
 PSYoungGen      total 10752K, used 10551K [0x00000000d5580000, 0x00000000d6180000, 0x0000000100000000)
  eden space 10240K, 100% used [0x00000000d5580000,0x00000000d5f80000,0x00000000d5f80000)
  from space 512K, 60% used [0x00000000d6080000,0x00000000d60cddc0,0x00000000d6100000)
  to   space 512K, 0% used [0x00000000d6100000,0x00000000d6100000,0x00000000d6180000)
 ParOldGen       total 82432K, used 68268K [0x0000000080000000, 0x0000000085080000, 0x00000000d5580000)
  object space 82432K, 82% used [0x0000000080000000,0x00000000842ab170,0x0000000085080000)
 Metaspace       used 66333K, committed 67776K, reserved 1114112K
  class space    used 6932K, committed 7616K, reserved 1048576K
}
Event: 87.268 GC heap after
{Heap after GC invocations=110 (full 4):
 PSYoungGen      total 10752K, used 352K [0x00000000d5580000, 0x00000000d6180000, 0x0000000100000000)
  eden space 10240K, 0% used [0x00000000d5580000,0x00000000d5580000,0x00000000d5f80000)
  from space 512K, 68% used [0x00000000d6100000,0x00000000d6158000,0x00000000d6180000)
  to   space 512K, 0% used [0x00000000d6080000,0x00000000d6080000,0x00000000d6100000)
 ParOldGen       total 82432K, used 68509K [0x0000000080000000, 0x0000000085080000, 0x00000000d5580000)
  object space 82432K, 83% used [0x0000000080000000,0x00000000842e7438,0x0000000085080000)
 Metaspace       used 66333K, committed 67776K, reserved 1114112K
  class space    used 6932K, committed 7616K, reserved 1048576K
}

