# JRE version: OpenJDK Runtime Environment Temurin-21.0.8+9 (21.0.8+9) (build 21.0.8+9-LTS)
# Java VM: OpenJDK 64-Bit Server VM Temurin-21.0.8+9 (21.0.8+9-LTS, mixed mode, sharing, tiered, compressed oops, compressed class ptrs, parallel gc, windows-amd64)
GC Precious Log:
 CardTable entry size: 512
 CPUs: 4 total, 4 available
 Memory: 8015M
 Large Page Support: Disabled
 NUMA Support: Disabled
 Compressed Oops: Enabled (32-bit)
 Alignments: Space 512K, Generation 512K, Heap 2M
 Heap Min Capacity: 100M
 Heap Initial Capacity: 100M
 Heap Max Capacity: 2G
 Pre-touch: Disabled
 Parallel Workers: 4
Heap:
 PSYoungGen      total 11776K, used 10200K [0x00000000d5580000, 0x00000000d6400000, 0x0000000100000000)
  eden space 10752K, 85% used [0x00000000d5580000,0x00000000d5e7a350,0x00000000d6000000)
  from space 1024K, 98% used [0x00000000d6300000,0x00000000d63fc010,0x00000000d6400000)
  to   space 1536K, 0% used [0x00000000d6100000,0x00000000d6100000,0x00000000d6280000)
 ParOldGen       total 214016K, used 182099K [0x0000000080000000, 0x000000008d100000, 0x00000000d5580000)
  object space 214016K, 85% used [0x0000000080000000,0x000000008b1d4ed0,0x000000008d100000)
 Metaspace       used 110730K, committed 112448K, reserved 1179648K
  class space    used 10982K, committed 11840K, reserved 1048576K
GC Heap History (20 events):
Event: 48252.483 GC heap before
{Heap before GC invocations=10215 (full 14):
 PSYoungGen      total 14848K, used 14829K [0x00000000d5580000, 0x00000000d7800000, 0x0000000100000000)
  eden space 6656K, 100% used [0x00000000d5580000,0x00000000d5c00000,0x00000000d5c00000)
  from space 8192K, 99% used [0x00000000d6800000,0x00000000d6ffb428,0x00000000d7000000)
  to   space 12288K, 0% used [0x00000000d5c00000,0x00000000d5c00000,0x00000000d6800000)
 ParOldGen       total 1339904K, used 1339616K [0x0000000080000000, 0x00000000d1c80000, 0x00000000d5580000)
  object space 1339904K, 99% used [0x0000000080000000,0x00000000d1c38000,0x00000000d1c80000)
 Metaspace       used 110730K, committed 112448K, reserved 1179648K
  class space    used 10982K, committed 11840K, reserved 1048576K
}
Event: 48252.502 GC heap after
{Heap after GC invocations=10215 (full 14):
 PSYoungGen      total 12800K, used 5665K [0x00000000d5580000, 0x00000000d6d80000, 0x0000000100000000)
  eden space 6656K, 0% used [0x00000000d5580000,0x00000000d5580000,0x00000000d5c00000)
  from space 6144K, 92% used [0x00000000d5c00000,0x00000000d6188428,0x00000000d6200000)
  to   space 8192K, 0% used [0x00000000d6580000,0x00000000d6580000,0x00000000d6d80000)
 ParOldGen       total 1348096K, used 1347823K [0x0000000080000000, 0x00000000d2480000, 0x00000000d5580000)
  object space 1348096K, 99% used [0x0000000080000000,0x00000000d243bf70,0x00000000d2480000)
 Metaspace       used 110730K, committed 112448K, reserved 1179648K
  class space    used 10982K, committed 11840K, reserved 1048576K
}
Event: 48252.573 GC heap before
{Heap before GC invocations=10216 (full 14):
 PSYoungGen      total 12800K, used 12321K [0x00000000d5580000, 0x00000000d6d80000, 0x0000000100000000)
  eden space 6656K, 100% used [0x00000000d5580000,0x00000000d5c00000,0x00000000d5c00000)
  from space 6144K, 92% used [0x00000000d5c00000,0x00000000d6188428,0x00000000d6200000)
  to   space 8192K, 0% used [0x00000000d6580000,0x00000000d6580000,0x00000000d6d80000)
 ParOldGen       total 1379840K, used 1378543K [0x0000000080000000, 0x00000000d4380000, 0x00000000d5580000)
  object space 1379840K, 99% used [0x0000000080000000,0x00000000d423bfa0,0x00000000d4380000)
 Metaspace       used 110730K, committed 112448K, reserved 1179648K
  class space    used 10982K, committed 11840K, reserved 1048576K
}
Event: 48252.587 GC heap after
{Heap after GC invocations=10216 (full 14):
 PSYoungGen      total 11776K, used 3188K [0x00000000d5580000, 0x00000000d6900000, 0x0000000100000000)
  eden space 8192K, 0% used [0x00000000d5580000,0x00000000d5580000,0x00000000d5d80000)
  from space 3584K, 88% used [0x00000000d6580000,0x00000000d689d020,0x00000000d6900000)
  to   space 4608K, 0% used [0x00000000d6000000,0x00000000d6000000,0x00000000d6480000)
 ParOldGen       total 1382400K, used 1382319K [0x0000000080000000, 0x00000000d4600000, 0x00000000d5580000)
  object space 1382400K, 99% used [0x0000000080000000,0x00000000d45ebfa0,0x00000000d4600000)
 Metaspace       used 110730K, committed 112448K, reserved 1179648K
  class space    used 10982K, committed 11840K, reserved 1048576K
}
Event: 48252.719 GC heap before
{Heap before GC invocations=10217 (full 14):
 PSYoungGen      total 11776K, used 11380K [0x00000000d5580000, 0x00000000d6900000, 0x0000000100000000)
  eden space 8192K, 100% used [0x00000000d5580000,0x00000000d5d80000,0x00000000d5d80000)
  from space 3584K, 88% used [0x00000000d6580000,0x00000000d689d020,0x00000000d6900000)
  to   space 4608K, 0% used [0x00000000d6000000,0x00000000d6000000,0x00000000d6480000)
 ParOldGen       total 1382400K, used 1382319K [0x0000000080000000, 0x00000000d4600000, 0x00000000d5580000)
  object space 1382400K, 99% used [0x0000000080000000,0x00000000d45ebfa0,0x00000000d4600000)
 Metaspace       used 110730K, committed 112448K, reserved 1179648K
  class space    used 10982K, committed 11840K, reserved 1048576K
}
Event: 48252.732 GC heap after
{Heap after GC invocations=10217 (full 14):
 PSYoungGen      total 12800K, used 4593K [0x00000000d5580000, 0x00000000d6d80000, 0x0000000100000000)
  eden space 8192K, 0% used [0x00000000d5580000,0x00000000d5580000,0x00000000d5d80000)
  from space 4608K, 99% used [0x00000000d6000000,0x00000000d647c5f0,0x00000000d6480000)
  to   space 8192K, 0% used [0x00000000d6580000,0x00000000d6580000,0x00000000d6d80000)
 ParOldGen       total 1385472K, used 1385114K [0x0000000080000000, 0x00000000d4900000, 0x00000000d5580000)
  object space 1385472K, 99% used [0x0000000080000000,0x00000000d48a6bc8,0x00000000d4900000)
 Metaspace       used 110730K, committed 112448K, reserved 1179648K
  class space    used 10982K, committed 11840K, reserved 1048576K
}
Event: 48252.772 GC heap before
{Heap before GC invocations=10218 (full 14):
 PSYoungGen      total 12800K, used 12535K [0x00000000d5580000, 0x00000000d6d80000, 0x0000000100000000)
  eden space 8192K, 96% used [0x00000000d5580000,0x00000000d5d41668,0x00000000d5d80000)
  from space 4608K, 99% used [0x00000000d6000000,0x00000000d647c5f0,0x00000000d6480000)
  to   space 8192K, 0% used [0x00000000d6580000,0x00000000d6580000,0x00000000d6d80000)
 ParOldGen       total 1385472K, used 1385114K [0x0000000080000000, 0x00000000d4900000, 0x00000000d5580000)
  object space 1385472K, 99% used [0x0000000080000000,0x00000000d48a6bc8,0x00000000d4900000)
 Metaspace       used 110730K, committed 112448K, reserved 1179648K
  class space    used 10982K, committed 11840K, reserved 1048576K
}
Event: 48252.789 GC heap after
{Heap after GC invocations=10218 (full 14):
 PSYoungGen      total 16896K, used 7456K [0x00000000d5580000, 0x00000000d6e80000, 0x0000000100000000)
  eden space 8704K, 0% used [0x00000000d5580000,0x00000000d5580000,0x00000000d5e00000)
  from space 8192K, 91% used [0x00000000d6580000,0x00000000d6cc8000,0x00000000d6d80000)
  to   space 7680K, 0% used [0x00000000d5e00000,0x00000000d5e00000,0x00000000d6580000)
 ParOldGen       total 1390592K, used 1390485K [0x0000000080000000, 0x00000000d4e00000, 0x00000000d5580000)
  object space 1390592K, 99% used [0x0000000080000000,0x00000000d4de57a8,0x00000000d4e00000)
 Metaspace       used 110730K, committed 112448K, reserved 1179648K
  class space    used 10982K, committed 11840K, reserved 1048576K
}
Event: 48252.899 GC heap before
{Heap before GC invocations=10219 (full 14):
 PSYoungGen      total 16896K, used 15707K [0x00000000d5580000, 0x00000000d6e80000, 0x0000000100000000)
  eden space 8704K, 94% used [0x00000000d5580000,0x00000000d5d8eca0,0x00000000d5e00000)
  from space 8192K, 91% used [0x00000000d6580000,0x00000000d6cc8000,0x00000000d6d80000)
  to   space 7680K, 0% used [0x00000000d5e00000,0x00000000d5e00000,0x00000000d6580000)
 ParOldGen       total 1390592K, used 1390485K [0x0000000080000000, 0x00000000d4e00000, 0x00000000d5580000)
  object space 1390592K, 99% used [0x0000000080000000,0x00000000d4de57a8,0x00000000d4e00000)
 Metaspace       used 110730K, committed 112448K, reserved 1179648K
  class space    used 10982K, committed 11840K, reserved 1048576K
}
Event: 48252.921 GC heap after
{Heap after GC invocations=10219 (full 14):
 PSYoungGen      total 16384K, used 6126K [0x00000000d5580000, 0x00000000d6d00000, 0x0000000100000000)
  eden space 8704K, 0% used [0x00000000d5580000,0x00000000d5580000,0x00000000d5e00000)
  from space 7680K, 79% used [0x00000000d5e00000,0x00000000d63fb9c8,0x00000000d6580000)
  to   space 6656K, 0% used [0x00000000d6680000,0x00000000d6680000,0x00000000d6d00000)
 ParOldGen       total 1397760K, used 1397285K [0x0000000080000000, 0x00000000d5500000, 0x00000000d5580000)
  object space 1397760K, 99% used [0x0000000080000000,0x00000000d54897a8,0x00000000d5500000)
 Metaspace       used 110730K, committed 112448K, reserved 1179648K
  class space    used 10982K, committed 11840K, reserved 1048576K
}
Event: 48252.993 GC heap before
{Heap before GC invocations=10220 (full 15):
 PSYoungGen      total 16384K, used 14830K [0x00000000d5580000, 0x00000000d6d00000, 0x0000000100000000)
  eden space 8704K, 100% used [0x00000000d5580000,0x00000000d5e00000,0x00000000d5e00000)
  from space 7680K, 79% used [0x00000000d5e00000,0x00000000d63fb9c8,0x00000000d6580000)
  to   space 6656K, 0% used [0x00000000d6680000,0x00000000d6680000,0x00000000d6d00000)
 ParOldGen       total 1397760K, used 1397285K [0x0000000080000000, 0x00000000d5500000, 0x00000000d5580000)
  object space 1397760K, 99% used [0x0000000080000000,0x00000000d54897a8,0x00000000d5500000)
 Metaspace       used 110730K, committed 112448K, reserved 1179648K
  class space    used 10982K, committed 11840K, reserved 1048576K
}
Event: 48255.450 GC heap after
{Heap after GC invocations=10220 (full 15):
 PSYoungGen      total 17408K, used 0K [0x00000000d5580000, 0x00000000d6d00000, 0x0000000100000000)
  eden space 10752K, 0% used [0x00000000d5580000,0x00000000d5580000,0x00000000d6000000)
  from space 6656K, 0% used [0x00000000d6680000,0x00000000d6680000,0x00000000d6d00000)
  to   space 6656K, 0% used [0x00000000d6000000,0x00000000d6000000,0x00000000d6680000)
 ParOldGen       total 214016K, used 178775K [0x0000000080000000, 0x000000008d100000, 0x00000000d5580000)
  object space 214016K, 83% used [0x0000000080000000,0x000000008ae95ef8,0x000000008d100000)
 Metaspace       used 110730K, committed 112448K, reserved 1179648K
  class space    used 10982K, committed 11840K, reserved 1048576K
}
Event: 48255.513 GC heap before
{Heap before GC invocations=10221 (full 15):
 PSYoungGen      total 17408K, used 10752K [0x00000000d5580000, 0x00000000d6d00000, 0x0000000100000000)
  eden space 10752K, 100% used [0x00000000d5580000,0x00000000d6000000,0x00000000d6000000)
  from space 6656K, 0% used [0x00000000d6680000,0x00000000d6680000,0x00000000d6d00000)
  to   space 6656K, 0% used [0x00000000d6000000,0x00000000d6000000,0x00000000d6680000)
 ParOldGen       total 214016K, used 178775K [0x0000000080000000, 0x000000008d100000, 0x00000000d5580000)
  object space 214016K, 83% used [0x0000000080000000,0x000000008ae95ef8,0x000000008d100000)
 Metaspace       used 110730K, committed 112448K, reserved 1179648K
  class space    used 10982K, committed 11840K, reserved 1048576K
}
Event: 48255.519 GC heap after
{Heap after GC invocations=10221 (full 15):
 PSYoungGen      total 12288K, used 1076K [0x00000000d5580000, 0x00000000d6700000, 0x0000000100000000)
  eden space 10752K, 0% used [0x00000000d5580000,0x00000000d5580000,0x00000000d6000000)
  from space 1536K, 70% used [0x00000000d6000000,0x00000000d610d200,0x00000000d6180000)
  to   space 3072K, 0% used [0x00000000d6400000,0x00000000d6400000,0x00000000d6700000)
 ParOldGen       total 214016K, used 178775K [0x0000000080000000, 0x000000008d100000, 0x00000000d5580000)
  object space 214016K, 83% used [0x0000000080000000,0x000000008ae95ef8,0x000000008d100000)
 Metaspace       used 110730K, committed 112448K, reserved 1179648K
  class space    used 10982K, committed 11840K, reserved 1048576K
}
Event: 48255.561 GC heap before
{Heap before GC invocations=10222 (full 15):
 PSYoungGen      total 12288K, used 11828K [0x00000000d5580000, 0x00000000d6700000, 0x0000000100000000)
  eden space 10752K, 100% used [0x00000000d5580000,0x00000000d6000000,0x00000000d6000000)
  from space 1536K, 70% used [0x00000000d6000000,0x00000000d610d200,0x00000000d6180000)
  to   space 3072K, 0% used [0x00000000d6400000,0x00000000d6400000,0x00000000d6700000)
 ParOldGen       total 214016K, used 178775K [0x0000000080000000, 0x000000008d100000, 0x00000000d5580000)
  object space 214016K, 83% used [0x0000000080000000,0x000000008ae95ef8,0x000000008d100000)
 Metaspace       used 110730K, committed 112448K, reserved 1179648K
  class space    used 10982K, committed 11840K, reserved 1048576K
}
Event: 48255.572 GC heap after
{Heap after GC invocations=10222 (full 15):
 PSYoungGen      total 12288K, used 1364K [0x00000000d5580000, 0x00000000d6580000, 0x0000000100000000)
  eden space 10752K, 0% used [0x00000000d5580000,0x00000000d5580000,0x00000000d6000000)
  from space 1536K, 88% used [0x00000000d6400000,0x00000000d6555200,0x00000000d6580000)
  to   space 2048K, 0% used [0x00000000d6180000,0x00000000d6180000,0x00000000d6380000)
 ParOldGen       total 214016K, used 179745K [0x0000000080000000, 0x000000008d100000, 0x00000000d5580000)
  object space 214016K, 83% used [0x0000000080000000,0x000000008af88560,0x000000008d100000)
 Metaspace       used 110730K, committed 112448K, reserved 1179648K
  class space    used 10982K, committed 11840K, reserved 1048576K
}
Event: 48255.965 GC heap before
{Heap before GC invocations=10223 (full 15):
 PSYoungGen      total 12288K, used 12116K [0x00000000d5580000, 0x00000000d6580000, 0x0000000100000000)
  eden space 10752K, 100% used [0x00000000d5580000,0x00000000d6000000,0x00000000d6000000)
  from space 1536K, 88% used [0x00000000d6400000,0x00000000d6555200,0x00000000d6580000)
  to   space 2048K, 0% used [0x00000000d6180000,0x00000000d6180000,0x00000000d6380000)
 ParOldGen       total 214016K, used 179745K [0x0000000080000000, 0x000000008d100000, 0x00000000d5580000)
  object space 214016K, 83% used [0x0000000080000000,0x000000008af88560,0x000000008d100000)
 Metaspace       used 110730K, committed 112448K, reserved 1179648K
  class space    used 10982K, committed 11840K, reserved 1048576K
}
Event: 48255.978 GC heap after
{Heap after GC invocations=10223 (full 15):
 PSYoungGen      total 12288K, used 1140K [0x00000000d5580000, 0x00000000d6480000, 0x0000000100000000)
  eden space 10752K, 0% used [0x00000000d5580000,0x00000000d5580000,0x00000000d6000000)
  from space 1536K, 74% used [0x00000000d6180000,0x00000000d629d200,0x00000000d6300000)
  to   space 1536K, 0% used [0x00000000d6300000,0x00000000d6300000,0x00000000d6480000)
 ParOldGen       total 214016K, used 181004K [0x0000000080000000, 0x000000008d100000, 0x00000000d5580000)
  object space 214016K, 84% used [0x0000000080000000,0x000000008b0c3108,0x000000008d100000)
 Metaspace       used 110730K, committed 112448K, reserved 1179648K
  class space    used 10982K, committed 11840K, reserved 1048576K
}
Event: 48256.019 GC heap before
{Heap before GC invocations=10224 (full 15):
 PSYoungGen      total 12288K, used 11892K [0x00000000d5580000, 0x00000000d6480000, 0x0000000100000000)
  eden space 10752K, 100% used [0x00000000d5580000,0x00000000d6000000,0x00000000d6000000)
  from space 1536K, 74% used [0x00000000d6180000,0x00000000d629d200,0x00000000d6300000)
  to   space 1536K, 0% used [0x00000000d6300000,0x00000000d6300000,0x00000000d6480000)
 ParOldGen       total 214016K, used 181004K [0x0000000080000000, 0x000000008d100000, 0x00000000d5580000)
  object space 214016K, 84% used [0x0000000080000000,0x000000008b0c3108,0x000000008d100000)
 Metaspace       used 110730K, committed 112448K, reserved 1179648K
  class space    used 10982K, committed 11840K, reserved 1048576K
}
Event: 48256.034 GC heap after
{Heap after GC invocations=10224 (full 15):
 PSYoungGen      total 11776K, used 1008K [0x00000000d5580000, 0x00000000d6400000, 0x0000000100000000)
  eden space 10752K, 0% used [0x00000000d5580000,0x00000000d5580000,0x00000000d6000000)
  from space 1024K, 98% used [0x00000000d6300000,0x00000000d63fc010,0x00000000d6400000)
  to   space 1536K, 0% used [0x00000000d6100000,0x00000000d6100000,0x00000000d6280000)
 ParOldGen       total 214016K, used 182099K [0x0000000080000000, 0x000000008d100000, 0x00000000d5580000)
  object space 214016K, 85% used [0x0000000080000000,0x000000008b1d4ed0,0x000000008d100000)
 Metaspace       used 110730K, committed 112448K, reserved 1179648K
  class space    used 10982K, committed 11840K, reserved 1048576K
}

