GC Precious Log:
 CardTable entry size: 512
 Card Set container configuration: InlinePtr #cards 5 size 8 Array Of Cards #cards 12 size 40 Howl #buckets 4 coarsen threshold 1843 Howl Bitmap #cards 512 size 80 coarsen threshold 460 Card regions per heap region 1 cards per card region 2048
 CPUs: 4 total, 4 available
 Memory: 8015M
 Large Page Support: Disabled
 NUMA Support: Disabled
 Compressed Oops: Enabled (32-bit)
 Heap Region Size: 1M
 Heap Min Capacity: 8M
 Heap Initial Capacity: 126M
 Heap Max Capacity: 2004M
 Pre-touch: Disabled
 Parallel Workers: 4
 Concurrent Workers: 1
 Concurrent Refinement Workers: 4
 Periodic GC: Disabled
Heap:
 garbage-first heap   total 87040K, used 47592K [0x0000000082c00000, 0x0000000100000000)
  region size 1024K, 6 young (6144K), 5 survivors (5120K)
 Metaspace       used 96539K, committed 97856K, reserved 1179648K
  class space    used 12648K, committed 13248K, reserved 1048576K
GC Heap History (20 events):
Event: 1650.558 GC heap before
{Heap before GC invocations=69 (full 7):
 garbage-first heap   total 81920K, used 72147K [0x0000000082c00000, 0x0000000100000000)
  region size 1024K, 28 young (28672K), 3 survivors (3072K)
 Metaspace       used 94248K, committed 95744K, reserved 1179648K
  class space    used 12447K, committed 13120K, reserved 1048576K
}
Event: 1650.563 GC heap after
{Heap after GC invocations=70 (full 7):
 garbage-first heap   total 81920K, used 47209K [0x0000000082c00000, 0x0000000100000000)
  region size 1024K, 2 young (2048K), 2 survivors (2048K)
 Metaspace       used 94248K, committed 95744K, reserved 1179648K
  class space    used 12447K, committed 13120K, reserved 1048576K
}
Event: 2015.611 GC heap before
{Heap before GC invocations=70 (full 7):
 garbage-first heap   total 81920K, used 73833K [0x0000000082c00000, 0x0000000100000000)
  region size 1024K, 28 young (28672K), 2 survivors (2048K)
 Metaspace       used 94259K, committed 95744K, reserved 1179648K
  class space    used 12447K, committed 13120K, reserved 1048576K
}
Event: 2015.615 GC heap after
{Heap after GC invocations=71 (full 7):
 garbage-first heap   total 81920K, used 47158K [0x0000000082c00000, 0x0000000100000000)
  region size 1024K, 2 young (2048K), 2 survivors (2048K)
 Metaspace       used 94259K, committed 95744K, reserved 1179648K
  class space    used 12447K, committed 13120K, reserved 1048576K
}
Event: 2206.414 GC heap before
{Heap before GC invocations=72 (full 7):
 garbage-first heap   total 81920K, used 72758K [0x0000000082c00000, 0x0000000100000000)
  region size 1024K, 28 young (28672K), 2 survivors (2048K)
 Metaspace       used 93481K, committed 95744K, reserved 1179648K
  class space    used 12243K, committed 13120K, reserved 1048576K
}
Event: 2206.422 GC heap after
{Heap after GC invocations=73 (full 7):
 garbage-first heap   total 81920K, used 50774K [0x0000000082c00000, 0x0000000100000000)
  region size 1024K, 4 young (4096K), 4 survivors (4096K)
 Metaspace       used 93481K, committed 95744K, reserved 1179648K
  class space    used 12243K, committed 13120K, reserved 1048576K
}
Event: 2243.696 GC heap before
{Heap before GC invocations=73 (full 7):
 garbage-first heap   total 81920K, used 71254K [0x0000000082c00000, 0x0000000100000000)
  region size 1024K, 25 young (25600K), 4 survivors (4096K)
 Metaspace       used 94388K, committed 95808K, reserved 1179648K
  class space    used 12401K, committed 13120K, reserved 1048576K
}
Event: 2243.716 GC heap after
{Heap after GC invocations=74 (full 7):
 garbage-first heap   total 83968K, used 51016K [0x0000000082c00000, 0x0000000100000000)
  region size 1024K, 4 young (4096K), 4 survivors (4096K)
 Metaspace       used 94388K, committed 95808K, reserved 1179648K
  class space    used 12401K, committed 13120K, reserved 1048576K
}
Event: 2395.666 GC heap before
{Heap before GC invocations=74 (full 7):
 garbage-first heap   total 83968K, used 72520K [0x0000000082c00000, 0x0000000100000000)
  region size 1024K, 26 young (26624K), 4 survivors (4096K)
 Metaspace       used 95174K, committed 96448K, reserved 1179648K
  class space    used 12489K, committed 13120K, reserved 1048576K
}
Event: 2395.677 GC heap after
{Heap after GC invocations=75 (full 7):
 garbage-first heap   total 83968K, used 51599K [0x0000000082c00000, 0x0000000100000000)
  region size 1024K, 1 young (1024K), 1 survivors (1024K)
 Metaspace       used 95174K, committed 96448K, reserved 1179648K
  class space    used 12489K, committed 13120K, reserved 1048576K
}
Event: 2628.726 GC heap before
{Heap before GC invocations=76 (full 7):
 garbage-first heap   total 87040K, used 76175K [0x0000000082c00000, 0x0000000100000000)
  region size 1024K, 25 young (25600K), 1 survivors (1024K)
 Metaspace       used 95423K, committed 96704K, reserved 1179648K
  class space    used 12509K, committed 13120K, reserved 1048576K
}
Event: 2628.730 GC heap after
{Heap after GC invocations=77 (full 7):
 garbage-first heap   total 87040K, used 51533K [0x0000000082c00000, 0x0000000100000000)
  region size 1024K, 1 young (1024K), 1 survivors (1024K)
 Metaspace       used 95423K, committed 96704K, reserved 1179648K
  class space    used 12509K, committed 13120K, reserved 1048576K
}
Event: 2706.819 GC heap before
{Heap before GC invocations=77 (full 7):
 garbage-first heap   total 87040K, used 58701K [0x0000000082c00000, 0x0000000100000000)
  region size 1024K, 9 young (9216K), 1 survivors (1024K)
 Metaspace       used 95765K, committed 97024K, reserved 1179648K
  class space    used 12562K, committed 13120K, reserved 1048576K
}
Event: 2707.032 GC heap after
{Heap after GC invocations=78 (full 8):
 garbage-first heap   total 87040K, used 41824K [0x0000000082c00000, 0x0000000100000000)
  region size 1024K, 0 young (0K), 0 survivors (0K)
 Metaspace       used 95765K, committed 97024K, reserved 1179648K
  class space    used 12562K, committed 13120K, reserved 1048576K
}
Event: 2708.811 GC heap before
{Heap before GC invocations=78 (full 8):
 garbage-first heap   total 87040K, used 76640K [0x0000000082c00000, 0x0000000100000000)
  region size 1024K, 35 young (35840K), 0 survivors (0K)
 Metaspace       used 95829K, committed 97152K, reserved 1179648K
  class space    used 12568K, committed 13184K, reserved 1048576K
}
Event: 2708.820 GC heap after
{Heap after GC invocations=79 (full 8):
 garbage-first heap   total 87040K, used 45391K [0x0000000082c00000, 0x0000000100000000)
  region size 1024K, 4 young (4096K), 4 survivors (4096K)
 Metaspace       used 95829K, committed 97152K, reserved 1179648K
  class space    used 12568K, committed 13184K, reserved 1048576K
}
Event: 2714.150 GC heap before
{Heap before GC invocations=80 (full 8):
 garbage-first heap   total 87040K, used 75087K [0x0000000082c00000, 0x0000000100000000)
  region size 1024K, 34 young (34816K), 4 survivors (4096K)
 Metaspace       used 96208K, committed 97536K, reserved 1179648K
  class space    used 12625K, committed 13248K, reserved 1048576K
}
Event: 2714.158 GC heap after
{Heap after GC invocations=81 (full 8):
 garbage-first heap   total 87040K, used 45120K [0x0000000082c00000, 0x0000000100000000)
  region size 1024K, 3 young (3072K), 3 survivors (3072K)
 Metaspace       used 96208K, committed 97536K, reserved 1179648K
  class space    used 12625K, committed 13248K, reserved 1048576K
}
Event: 2729.854 GC heap before
{Heap before GC invocations=81 (full 8):
 garbage-first heap   total 87040K, used 75840K [0x0000000082c00000, 0x0000000100000000)
  region size 1024K, 34 young (34816K), 3 survivors (3072K)
 Metaspace       used 96346K, committed 97728K, reserved 1179648K
  class space    used 12638K, committed 13248K, reserved 1048576K
}
Event: 2729.860 GC heap after
{Heap after GC invocations=82 (full 8):
 garbage-first heap   total 87040K, used 45190K [0x0000000082c00000, 0x0000000100000000)
  region size 1024K, 3 young (3072K), 3 survivors (3072K)
 Metaspace       used 96346K, committed 97728K, reserved 1179648K
  class space    used 12638K, committed 13248K, reserved 1048576K
}

